{
  "Name": "test",
  "SourceFilePath": "D:\\Documents\\Cesi cours\\2022-2023\\c#\\delegate\\",
  "TargetFilePath": "D:\\Documents\\Cesi cours\\2022-2023\\c#\\arriverlog",
  "Filesize": 61,
  "FileTransferTime": "00:00:00.0112991",
  "Time": "2023/02/07 17:18:15"
},
{
  "Name": "test",
  "SourceFilePath": "D:\\Documents\\Cesi cours\\2022-2023\\c#\\delegate\\",
  "TargetFilePath": "D:\\Documents\\Cesi cours\\2022-2023\\c#\\arriverlog",
  "Filesize": 51,
  "FileTransferTime": "00:00:00.7719854",
  "Time": "2023/02/07 17:18:25"
},
{
  "Name": "test",
  "SourceFilePath": "D:\\Documents\\Cesi cours\\2022-2023\\c#\\delegate\\",
  "TargetFilePath": "D:\\Documents\\Cesi cours\\2022-2023\\c#\\arriverlog",
  "Filesize": 51,
  "FileTransferTime": "00:00:00.8737418",
  "Time": "2023/02/07 17:18:28"
},
{
  "Name": "test",
  "SourceFilePath": "D:\\Documents\\Cesi cours\\2022-2023\\c#\\delegate\\",
  "TargetFilePath": "D:\\Documents\\Cesi cours\\2022-2023\\c#\\arriverlog",
  "Filesize": 51,
  "FileTransferTime": "00:00:00.7479084",
  "Time": "2023/02/07 17:18:31"
},
{
  "Name": "test",
  "SourceFilePath": "D:\\Documents\\Cesi cours\\2022-2023\\c#\\delegate\\",
  "TargetFilePath": "D:\\Documents\\Cesi cours\\2022-2023\\c#\\arriverlog",
  "Filesize": 51,
  "FileTransferTime": "00:00:00.7523287",
  "Time": "2023/02/07 17:18:35"
},
{
  "Name": "test",
  "SourceFilePath": "D:\\Documents\\Cesi cours\\2022-2023\\c#\\delegate\\",
  "TargetFilePath": "D:\\Documents\\Cesi cours\\2022-2023\\c#\\arriverlog",
  "Filesize": 51,
  "FileTransferTime": "00:00:52.4476751",
  "Time": "2023/02/07 17:19:29"
},
{
  "Name": "test",
  "SourceFilePath": "D:\\Documents\\Cesi cours\\2022-2023\\c#\\delegate\\",
  "TargetFilePath": "D:\\Documents\\Cesi cours\\2022-2023\\c#\\arriverlog",
  "Filesize": 79,
  "FileTransferTime": "00:00:01.0819270",
  "Time": "2023/02/07 17:19:32"
},
{
  "Name": "test",
  "SourceFilePath": "D:\\Documents\\Cesi cours\\2022-2023\\c#\\delegate\\",
  "TargetFilePath": "D:\\Documents\\Cesi cours\\2022-2023\\c#\\arriverlog",
  "Filesize": 81,
  "FileTransferTime": "00:00:01.0700065",
  "Time": "2023/02/07 17:19:45"
},
{
  "Name": "test",
  "SourceFilePath": "D:\\Documents\\Cesi cours\\2022-2023\\c#\\delegate\\",
  "TargetFilePath": "D:\\Documents\\Cesi cours\\2022-2023\\c#\\arriverlog",
  "Filesize": 69,
  "FileTransferTime": "00:00:00.7114639",
  "Time": "2023/02/07 17:19:48"
},
{
  "Name": "test",
  "SourceFilePath": "D:\\Documents\\Cesi cours\\2022-2023\\c#\\delegate\\",
  "TargetFilePath": "D:\\Documents\\Cesi cours\\2022-2023\\c#\\arriverlog",
  "Filesize": 69,
  "FileTransferTime": "00:00:00.7193329",
  "Time": "2023/02/07 17:19:51"
}