{
  "Name": "TestSave",
  "SourceFilePath": "C:\\Users\\gauti\\OneDrive\\Bureau\\CESI\\A3\\Semestre 1\\Programmation systeme\\Projet\\TestEnv\\sourceRep\\",
  "TargetFilePath": "C:\\Users\\gauti\\OneDrive\\Bureau\\CESI\\A3\\Semestre 1\\Programmation systeme\\Projet\\TestEnv\\destinationRep\\",
  "Filesize": 116,
  "FileTransferTime": "00:00:00.0111843",
  "Time": "2023/02/08 09:32:19"
},
{
  "Name": "TestSave",
  "SourceFilePath": "C:\\Users\\gauti\\OneDrive\\Bureau\\CESI\\A3\\Semestre 1\\Programmation systeme\\Projet\\TestEnv\\sourceRep\\",
  "TargetFilePath": "C:\\Users\\gauti\\OneDrive\\Bureau\\CESI\\A3\\Semestre 1\\Programmation systeme\\Projet\\TestEnv\\destinationRep\\",
  "Filesize": 124,
  "FileTransferTime": "00:00:00.0059087",
  "Time": "2023/02/08 09:32:19"
},
{
  "Name": "TestSave",
  "SourceFilePath": "C:\\Users\\gauti\\OneDrive\\Bureau\\CESI\\A3\\Semestre 1\\Programmation systeme\\Projet\\TestEnv\\sourceRep\\",
  "TargetFilePath": "C:\\Users\\gauti\\OneDrive\\Bureau\\CESI\\A3\\Semestre 1\\Programmation systeme\\Projet\\TestEnv\\destinationRep\\",
  "Filesize": 116,
  "FileTransferTime": "00:00:00.0067831",
  "Time": "2023/02/08 09:32:19"
},
{
  "Name": "TestSave",
  "SourceFilePath": "C:\\Users\\gauti\\OneDrive\\Bureau\\CESI\\A3\\Semestre 1\\Programmation systeme\\Projet\\TestEnv\\sourceRep\\",
  "TargetFilePath": "C:\\Users\\gauti\\OneDrive\\Bureau\\CESI\\A3\\Semestre 1\\Programmation systeme\\Projet\\TestEnv\\destinationRep\\",
  "Filesize": 117,
  "FileTransferTime": "00:00:00.0032069",
  "Time": "2023/02/08 09:32:19"
},
{
  "Name": "TestSave",
  "SourceFilePath": "C:\\Users\\gauti\\OneDrive\\Bureau\\CESI\\A3\\Semestre 1\\Programmation systeme\\Projet\\TestEnv\\sourceRep\\",
  "TargetFilePath": "C:\\Users\\gauti\\OneDrive\\Bureau\\CESI\\A3\\Semestre 1\\Programmation systeme\\Projet\\TestEnv\\destinationRep\\",
  "Filesize": 117,
  "FileTransferTime": "00:00:00.0072266",
  "Time": "2023/02/08 09:32:19"
},
{
  "Name": "TestSave",
  "SourceFilePath": "C:\\Users\\gauti\\OneDrive\\Bureau\\CESI\\A3\\Semestre 1\\Programmation systeme\\Projet\\TestEnv\\sourceRep\\",
  "TargetFilePath": "C:\\Users\\gauti\\OneDrive\\Bureau\\CESI\\A3\\Semestre 1\\Programmation systeme\\Projet\\TestEnv\\destinationRep\\",
  "Filesize": 127,
  "FileTransferTime": "00:00:00.0033231",
  "Time": "2023/02/08 09:32:19"
}